<?xml version="1.0" encoding="UTF-8"?>
<!-- Generated by org.testng.reporters.JUnitXMLReporter -->
<testsuite ignored="0" hostname="Mohameds-MacBook-Pro.local" failures="2" tests="13" name="Test" time="0.083" errors="0" timestamp="03 Mar 2024 07:52:38 GMT">
  <testcase classname="com.testngtest.UnknownFailures" name="test1" time="0.006">
    <skipped/>
  </testcase> <!-- test1 -->
  <testcase classname="com.testngtest.UnknownFailures" name="test1" time="0.002">
    <skipped/>
  </testcase> <!-- test1 -->
  <testcase classname="com.testngtest.UnknownFailures" name="test1" time="0.002">
    <skipped/>
  </testcase> <!-- test1 -->
  <testcase classname="com.testngtest.UnknownFailures" name="test1" time="0.0">
    <skipped/>
  </testcase> <!-- test1 -->
  <testcase classname="com.testngtest.UnknownFailures" name="test1" time="0.001">
    <skipped/>
  </testcase> <!-- test1 -->
  <testcase classname="com.testngtest.UnknownFailures" name="test1" time="0.002">
    <failure type="java.lang.AssertionError">
      <![CDATA[java.lang.AssertionError: 
at com.testngtest.UnknownFailures.test1(UnknownFailures.java:14)
... Removed 28 stack frames]]>
    </failure>
  </testcase> <!-- test1 -->
  <testcase classname="com.testngtest.UnknownFailures" name="test2" time="0.002">
    <skipped/>
  </testcase> <!-- test2 -->
  <testcase classname="com.testngtest.UnknownFailures" name="test2" time="0.0">
    <skipped/>
  </testcase> <!-- test2 -->
  <testcase classname="com.testngtest.UnknownFailures" name="test2" time="0.002">
    <skipped/>
  </testcase> <!-- test2 -->
  <testcase classname="com.testngtest.UnknownFailures" name="test2" time="0.004">
    <skipped/>
  </testcase> <!-- test2 -->
  <testcase classname="com.testngtest.UnknownFailures" name="test2" time="0.001">
    <skipped/>
  </testcase> <!-- test2 -->
  <testcase classname="com.testngtest.UnknownFailures" name="test2" time="0.003">
    <failure type="java.lang.AssertionError">
      <![CDATA[java.lang.AssertionError: 
at com.testngtest.UnknownFailures.test2(UnknownFailures.java:19)
... Removed 28 stack frames]]>
    </failure>
  </testcase> <!-- test2 -->
  <testcase classname="com.testngtest.UnknownFailures" name="test3" time="0.001"/>
</testsuite> <!-- Test -->
